<?xml version="1.0" encoding="UTF-8"?>
<!-- Generated by org.testng.reporters.JUnitXMLReporter -->
<testsuite ignored="0" hostname="DESKTOP-LHVOOHO" failures="2" tests="10" name="Regression Test" time="7.576" errors="0" timestamp="2022-09-23T12:44:33 EDT">
  <testcase classname="numpyninja.Tests.HomeTest" name="dropdownclick" time="0.579">
    <failure type="java.lang.AssertionError" message="expected [https://dsportalapp.herokuapp.com/home] but found [https://dsportalapp.herokuapp.com/data-structures-introduction/]">
      <![CDATA[java.lang.AssertionError: expected [https://dsportalapp.herokuapp.com/home] but found [https://dsportalapp.herokuapp.com/data-structures-introduction/]
at numpyninja.Tests.HomeTest.dropdownclick(HomeTest.java:59)
at java.base/java.util.ArrayList.forEach(ArrayList.java:1511)
... Removed 31 stack frames]]>
    </failure>
  </testcase> <!-- dropdownclick -->
  <testcase classname="numpyninja.Tests.HomeTest" name="DSgetstarted" time="0.356">
    <failure type="java.lang.AssertionError" message="expected [https://dsportalapp.herokuapp.com/home] but found [https://dsportalapp.herokuapp.com/data-structures-introduction/]">
      <![CDATA[java.lang.AssertionError: expected [https://dsportalapp.herokuapp.com/home] but found [https://dsportalapp.herokuapp.com/data-structures-introduction/]
at numpyninja.Tests.HomeTest.DSgetstarted(HomeTest.java:72)
at java.base/java.util.ArrayList.forEach(ArrayList.java:1511)
... Removed 31 stack frames]]>
    </failure>
  </testcase> <!-- DSgetstarted -->
  <testcase classname="numpyninja.Tests.HomeTest" name="Arraygetstarted" time="0.293"/>
  <testcase classname="numpyninja.Tests.HomeTest" name="linkedListgetstarted" time="0.327"/>
  <testcase classname="numpyninja.Tests.HomeTest" name="stackGetstarted" time="0.343"/>
  <testcase classname="numpyninja.Tests.HomeTest" name="queueGetstarted" time="0.35"/>
  <testcase classname="numpyninja.Tests.HomeTest" name="treeGetstarted" time="0.351"/>
  <testcase classname="numpyninja.Tests.HomeTest" name="graphGetstarted" time="0.331"/>
  <testcase classname="numpyninja.Tests.HomeTest" name="SigninValidation" time="0.226"/>
  <testcase classname="numpyninja.Tests.HomeTest" name="RegisterValidation" time="0.285"/>
</testsuite> <!-- Regression Test -->
