<html>
<head>
<title>TestNG:  Test</title>
<link href="../testng.css" rel="stylesheet" type="text/css" />
<link href="../my-testng.css" rel="stylesheet" type="text/css" />

<style type="text/css">
.log { display: none;} 
.stack-trace { display: none;} 
</style>
<script type="text/javascript">
<!--
function flip(e) {
  current = e.style.display;
  if (current == 'block') {
    e.style.display = 'none';
    return 0;
  }
  else {
    e.style.display = 'block';
    return 1;
  }
}

function toggleBox(szDivId, elem, msg1, msg2)
{
  var res = -1;  if (document.getElementById) {
    res = flip(document.getElementById(szDivId));
  }
  else if (document.all) {
    // this is the way old msie versions work
    res = flip(document.all[szDivId]);
  }
  if(elem) {
    if(res == 0) elem.innerHTML = msg1; else elem.innerHTML = msg2;
  }

}

function toggleAllBoxes() {
  if (document.getElementsByTagName) {
    d = document.getElementsByTagName('div');
    for (i = 0; i < d.length; i++) {
      if (d[i].className == 'log') {
        flip(d[i]);
      }
    }
  }
}

// -->
</script>

</head>
<body>
<h2 align='center'>Test</h2><table border='1' align="center">
<tr>
<td>Tests passed/Failed/Skipped:</td><td>48/9/4</td>
</tr><tr>
<td>Started on:</td><td>Tue Sep 27 14:18:56 EDT 2022</td>
</tr>
<tr><td>Total time:</td><td>91 seconds (91499 ms)</td>
</tr><tr>
<td>Included groups:</td><td></td>
</tr><tr>
<td>Excluded groups:</td><td></td>
</tr>
</table><p/>
<small><i>(Hover the method name to see the test class name)</i></small><p/>
<table width='100%' border='1' class='invocation-failed'>
<tr><td colspan='4' align='center'><b>FAILED CONFIGURATIONS</b></td></tr>
<tr><td><b>Test method</b></td>
<td><b>Attribute(s)</b></td>
<td width="30%"><b>Exception</b></td>
<td width="10%"><b>Time (seconds)</b></td>
<td><b>Instance</b></td>
</tr>
<tr>
<td title='numpyninja.Tests.ResisterTest.setUp()'><b>setUp</b><br>Test class: numpyninja.Tests.ResisterTest</td>
<td><div><pre>java.lang.NullPointerException: Cannot invoke &quot;numpyninja.Pages.HomePage.registervalidation()&quot; because &quot;this.home&quot; is null
	at numpyninja.Tests.ResisterTest.setUp(ResisterTest.java:27)
	at java.base/java.util.ArrayList.forEach(ArrayList.java:1511)
... Removed 23 stack frames</pre></div><a href='#' onClick='toggleBox("stack-trace1444500451", this, "Click to show all stack frames", "Click to hide stack frames")'>Click to show all stack frames</a>
<div class='stack-trace' id='stack-trace1444500451'><pre>java.lang.NullPointerException: Cannot invoke &quot;numpyninja.Pages.HomePage.registervalidation()&quot; because &quot;this.home&quot; is null
	at numpyninja.Tests.ResisterTest.setUp(ResisterTest.java:27)
	at java.base/jdk.internal.reflect.DirectMethodHandleAccessor.invoke(DirectMethodHandleAccessor.java:104)
	at java.base/java.lang.reflect.Method.invoke(Method.java:577)
	at org.testng.internal.invokers.MethodInvocationHelper.invokeMethod(MethodInvocationHelper.java:139)
	at org.testng.internal.invokers.MethodInvocationHelper.invokeMethodConsideringTimeout(MethodInvocationHelper.java:69)
	at org.testng.internal.invokers.ConfigInvoker.invokeConfigurationMethod(ConfigInvoker.java:361)
	at org.testng.internal.invokers.ConfigInvoker.invokeConfigurations(ConfigInvoker.java:296)
	at org.testng.internal.invokers.TestMethodWorker.invokeBeforeClassMethods(TestMethodWorker.java:180)
	at org.testng.internal.invokers.TestMethodWorker.run(TestMethodWorker.java:122)
	at java.base/java.util.ArrayList.forEach(ArrayList.java:1511)
	at org.testng.TestRunner.privateRun(TestRunner.java:806)
	at org.testng.TestRunner.run(TestRunner.java:601)
	at org.testng.SuiteRunner.runTest(SuiteRunner.java:433)
	at org.testng.SuiteRunner.runSequentially(SuiteRunner.java:427)
	at org.testng.SuiteRunner.privateRun(SuiteRunner.java:387)
	at org.testng.SuiteRunner.run(SuiteRunner.java:330)
	at org.testng.SuiteRunnerWorker.runSuite(SuiteRunnerWorker.java:52)
	at org.testng.SuiteRunnerWorker.run(SuiteRunnerWorker.java:95)
	at org.testng.TestNG.runSuitesSequentially(TestNG.java:1256)
	at org.testng.TestNG.runSuitesLocally(TestNG.java:1176)
	at org.testng.TestNG.runSuites(TestNG.java:1099)
	at org.testng.TestNG.run(TestNG.java:1067)
	at org.testng.remote.AbstractRemoteTestNG.run(AbstractRemoteTestNG.java:115)
	at org.testng.remote.RemoteTestNG.initAndRun(RemoteTestNG.java:251)
	at org.testng.remote.RemoteTestNG.main(RemoteTestNG.java:77)
</pre></div></td>
<td>2</td>
<td>numpyninja.Tests.ResisterTest@68c9d179</td></tr>
</table><p>
<table width='100%' border='1' class='invocation-skipped'>
<tr><td colspan='4' align='center'><b>SKIPPED CONFIGURATIONS</b></td></tr>
<tr><td><b>Test method</b></td>
<td><b>Attribute(s)</b></td>
<td width="30%"><b>Exception</b></td>
<td width="10%"><b>Time (seconds)</b></td>
<td><b>Instance</b></td>
</tr>
<tr>
<td title='numpyninja.Tests.ResisterTest.logOut()'><b>logOut</b><br>Test class: numpyninja.Tests.ResisterTest</td>
<td></td>
<td>0</td>
<td>numpyninja.Tests.ResisterTest@68c9d179</td></tr>
</table><p>
<table width='100%' border='1' class='invocation-failed'>
<tr><td colspan='4' align='center'><b>FAILED TESTS</b></td></tr>
<tr><td><b>Test method</b></td>
<td><b>Attribute(s)</b></td>
<td width="30%"><b>Exception</b></td>
<td width="10%"><b>Time (seconds)</b></td>
<td><b>Instance</b></td>
</tr>
<tr>
<td title='numpyninja.Tests.QueueTest.impusingarray()'><b>impusingarray</b><br>Test class: numpyninja.Tests.QueueTest</td>
<td><div><pre>java.lang.NullPointerException: Cannot invoke &quot;numpyninja.Pages.QueuePage.impusingarray()&quot; because &quot;this.objqueue&quot; is null
	at numpyninja.Tests.QueueTest.impusingarray(QueueTest.java:66)
	at java.base/java.util.ArrayList.forEach(ArrayList.java:1511)
... Removed 25 stack frames</pre></div><a href='#' onClick='toggleBox("stack-trace1325269327", this, "Click to show all stack frames", "Click to hide stack frames")'>Click to show all stack frames</a>
<div class='stack-trace' id='stack-trace1325269327'><pre>java.lang.NullPointerException: Cannot invoke &quot;numpyninja.Pages.QueuePage.impusingarray()&quot; because &quot;this.objqueue&quot; is null
	at numpyninja.Tests.QueueTest.impusingarray(QueueTest.java:66)
	at java.base/jdk.internal.reflect.DirectMethodHandleAccessor.invoke(DirectMethodHandleAccessor.java:104)
	at java.base/java.lang.reflect.Method.invoke(Method.java:577)
	at org.testng.internal.invokers.MethodInvocationHelper.invokeMethod(MethodInvocationHelper.java:139)
	at org.testng.internal.invokers.TestInvoker.invokeMethod(TestInvoker.java:677)
	at org.testng.internal.invokers.TestInvoker.invokeTestMethod(TestInvoker.java:221)
	at org.testng.internal.invokers.MethodRunner.runInSequence(MethodRunner.java:50)
	at org.testng.internal.invokers.TestInvoker$MethodInvocationAgent.invoke(TestInvoker.java:962)
	at org.testng.internal.invokers.TestInvoker.invokeTestMethods(TestInvoker.java:194)
	at org.testng.internal.invokers.TestMethodWorker.invokeTestMethods(TestMethodWorker.java:148)
	at org.testng.internal.invokers.TestMethodWorker.run(TestMethodWorker.java:128)
	at java.base/java.util.ArrayList.forEach(ArrayList.java:1511)
	at org.testng.TestRunner.privateRun(TestRunner.java:806)
	at org.testng.TestRunner.run(TestRunner.java:601)
	at org.testng.SuiteRunner.runTest(SuiteRunner.java:433)
	at org.testng.SuiteRunner.runSequentially(SuiteRunner.java:427)
	at org.testng.SuiteRunner.privateRun(SuiteRunner.java:387)
	at org.testng.SuiteRunner.run(SuiteRunner.java:330)
	at org.testng.SuiteRunnerWorker.runSuite(SuiteRunnerWorker.java:52)
	at org.testng.SuiteRunnerWorker.run(SuiteRunnerWorker.java:95)
	at org.testng.TestNG.runSuitesSequentially(TestNG.java:1256)
	at org.testng.TestNG.runSuitesLocally(TestNG.java:1176)
	at org.testng.TestNG.runSuites(TestNG.java:1099)
	at org.testng.TestNG.run(TestNG.java:1067)
	at org.testng.remote.AbstractRemoteTestNG.run(AbstractRemoteTestNG.java:115)
	at org.testng.remote.RemoteTestNG.initAndRun(RemoteTestNG.java:251)
	at org.testng.remote.RemoteTestNG.main(RemoteTestNG.java:77)
</pre></div></td>
<td>0</td>
<td>numpyninja.Tests.QueueTest@6e2829c7</td></tr>
<tr>
<td title='numpyninja.Tests.GraphTest.graphRep()'><b>graphRep</b><br>Test class: numpyninja.Tests.GraphTest</td>
<td><div><pre>java.lang.NullPointerException: Cannot invoke &quot;numpyninja.Pages.GraphPage.graphRep()&quot; because &quot;this.objGraph&quot; is null
	at numpyninja.Tests.GraphTest.graphRep(GraphTest.java:49)
	at java.base/java.util.ArrayList.forEach(ArrayList.java:1511)
... Removed 25 stack frames</pre></div><a href='#' onClick='toggleBox("stack-trace510956085", this, "Click to show all stack frames", "Click to hide stack frames")'>Click to show all stack frames</a>
<div class='stack-trace' id='stack-trace510956085'><pre>java.lang.NullPointerException: Cannot invoke &quot;numpyninja.Pages.GraphPage.graphRep()&quot; because &quot;this.objGraph&quot; is null
	at numpyninja.Tests.GraphTest.graphRep(GraphTest.java:49)
	at java.base/jdk.internal.reflect.DirectMethodHandleAccessor.invoke(DirectMethodHandleAccessor.java:104)
	at java.base/java.lang.reflect.Method.invoke(Method.java:577)
	at org.testng.internal.invokers.MethodInvocationHelper.invokeMethod(MethodInvocationHelper.java:139)
	at org.testng.internal.invokers.TestInvoker.invokeMethod(TestInvoker.java:677)
	at org.testng.internal.invokers.TestInvoker.invokeTestMethod(TestInvoker.java:221)
	at org.testng.internal.invokers.MethodRunner.runInSequence(MethodRunner.java:50)
	at org.testng.internal.invokers.TestInvoker$MethodInvocationAgent.invoke(TestInvoker.java:962)
	at org.testng.internal.invokers.TestInvoker.invokeTestMethods(TestInvoker.java:194)
	at org.testng.internal.invokers.TestMethodWorker.invokeTestMethods(TestMethodWorker.java:148)
	at org.testng.internal.invokers.TestMethodWorker.run(TestMethodWorker.java:128)
	at java.base/java.util.ArrayList.forEach(ArrayList.java:1511)
	at org.testng.TestRunner.privateRun(TestRunner.java:806)
	at org.testng.TestRunner.run(TestRunner.java:601)
	at org.testng.SuiteRunner.runTest(SuiteRunner.java:433)
	at org.testng.SuiteRunner.runSequentially(SuiteRunner.java:427)
	at org.testng.SuiteRunner.privateRun(SuiteRunner.java:387)
	at org.testng.SuiteRunner.run(SuiteRunner.java:330)
	at org.testng.SuiteRunnerWorker.runSuite(SuiteRunnerWorker.java:52)
	at org.testng.SuiteRunnerWorker.run(SuiteRunnerWorker.java:95)
	at org.testng.TestNG.runSuitesSequentially(TestNG.java:1256)
	at org.testng.TestNG.runSuitesLocally(TestNG.java:1176)
	at org.testng.TestNG.runSuites(TestNG.java:1099)
	at org.testng.TestNG.run(TestNG.java:1067)
	at org.testng.remote.AbstractRemoteTestNG.run(AbstractRemoteTestNG.java:115)
	at org.testng.remote.RemoteTestNG.initAndRun(RemoteTestNG.java:251)
	at org.testng.remote.RemoteTestNG.main(RemoteTestNG.java:77)
</pre></div></td>
<td>0</td>
<td>numpyninja.Tests.GraphTest@6a8658ff</td></tr>
<tr>
<td title='numpyninja.Tests.HomeTest.DSgetstarted()'><b>DSgetstarted</b><br>Test class: numpyninja.Tests.HomeTest</td>
<td><div><pre>java.lang.AssertionError: expected [https://dsportalapp.herokuapp.com/home] but found [https://dsportalapp.herokuapp.com/data-structures-introduction/]
	at numpyninja.Tests.HomeTest.DSgetstarted(HomeTest.java:57)
	at java.base/java.util.ArrayList.forEach(ArrayList.java:1511)
... Removed 31 stack frames</pre></div><a href='#' onClick='toggleBox("stack-trace1250848393", this, "Click to show all stack frames", "Click to hide stack frames")'>Click to show all stack frames</a>
<div class='stack-trace' id='stack-trace1250848393'><pre>java.lang.AssertionError: expected [https://dsportalapp.herokuapp.com/home] but found [https://dsportalapp.herokuapp.com/data-structures-introduction/]
	at org.testng.Assert.fail(Assert.java:110)
	at org.testng.Assert.failNotEquals(Assert.java:1413)
	at org.testng.Assert.assertEqualsImpl(Assert.java:149)
	at org.testng.Assert.assertEquals(Assert.java:131)
	at org.testng.Assert.assertEquals(Assert.java:655)
	at org.testng.Assert.assertEquals(Assert.java:665)
	at numpyninja.Tests.HomeTest.DSgetstarted(HomeTest.java:57)
	at java.base/jdk.internal.reflect.DirectMethodHandleAccessor.invoke(DirectMethodHandleAccessor.java:104)
	at java.base/java.lang.reflect.Method.invoke(Method.java:577)
	at org.testng.internal.invokers.MethodInvocationHelper.invokeMethod(MethodInvocationHelper.java:139)
	at org.testng.internal.invokers.TestInvoker.invokeMethod(TestInvoker.java:677)
	at org.testng.internal.invokers.TestInvoker.invokeTestMethod(TestInvoker.java:221)
	at org.testng.internal.invokers.MethodRunner.runInSequence(MethodRunner.java:50)
	at org.testng.internal.invokers.TestInvoker$MethodInvocationAgent.invoke(TestInvoker.java:962)
	at org.testng.internal.invokers.TestInvoker.invokeTestMethods(TestInvoker.java:194)
	at org.testng.internal.invokers.TestMethodWorker.invokeTestMethods(TestMethodWorker.java:148)
	at org.testng.internal.invokers.TestMethodWorker.run(TestMethodWorker.java:128)
	at java.base/java.util.ArrayList.forEach(ArrayList.java:1511)
	at org.testng.TestRunner.privateRun(TestRunner.java:806)
	at org.testng.TestRunner.run(TestRunner.java:601)
	at org.testng.SuiteRunner.runTest(SuiteRunner.java:433)
	at org.testng.SuiteRunner.runSequentially(SuiteRunner.java:427)
	at org.testng.SuiteRunner.privateRun(SuiteRunner.java:387)
	at org.testng.SuiteRunner.run(SuiteRunner.java:330)
	at org.testng.SuiteRunnerWorker.runSuite(SuiteRunnerWorker.java:52)
	at org.testng.SuiteRunnerWorker.run(SuiteRunnerWorker.java:95)
	at org.testng.TestNG.runSuitesSequentially(TestNG.java:1256)
	at org.testng.TestNG.runSuitesLocally(TestNG.java:1176)
	at org.testng.TestNG.runSuites(TestNG.java:1099)
	at org.testng.TestNG.run(TestNG.java:1067)
	at org.testng.remote.AbstractRemoteTestNG.run(AbstractRemoteTestNG.java:115)
	at org.testng.remote.RemoteTestNG.initAndRun(RemoteTestNG.java:251)
	at org.testng.remote.RemoteTestNG.main(RemoteTestNG.java:77)
</pre></div></td>
<td>0</td>
<td>numpyninja.Tests.HomeTest@5e7cd6cc</td></tr>
<tr>
<td title='numpyninja.Tests.QueueTest.impqueuebypython()'><b>impqueuebypython</b><br>Test class: numpyninja.Tests.QueueTest</td>
<td><div><pre>java.lang.NullPointerException: Cannot invoke &quot;numpyninja.Pages.QueuePage.impqueuebypython()&quot; because &quot;this.objqueue&quot; is null
	at numpyninja.Tests.QueueTest.impqueuebypython(QueueTest.java:50)
	at java.base/java.util.ArrayList.forEach(ArrayList.java:1511)
... Removed 25 stack frames</pre></div><a href='#' onClick='toggleBox("stack-trace1504966484", this, "Click to show all stack frames", "Click to hide stack frames")'>Click to show all stack frames</a>
<div class='stack-trace' id='stack-trace1504966484'><pre>java.lang.NullPointerException: Cannot invoke &quot;numpyninja.Pages.QueuePage.impqueuebypython()&quot; because &quot;this.objqueue&quot; is null
	at numpyninja.Tests.QueueTest.impqueuebypython(QueueTest.java:50)
	at java.base/jdk.internal.reflect.DirectMethodHandleAccessor.invoke(DirectMethodHandleAccessor.java:104)
	at java.base/java.lang.reflect.Method.invoke(Method.java:577)
	at org.testng.internal.invokers.MethodInvocationHelper.invokeMethod(MethodInvocationHelper.java:139)
	at org.testng.internal.invokers.TestInvoker.invokeMethod(TestInvoker.java:677)
	at org.testng.internal.invokers.TestInvoker.invokeTestMethod(TestInvoker.java:221)
	at org.testng.internal.invokers.MethodRunner.runInSequence(MethodRunner.java:50)
	at org.testng.internal.invokers.TestInvoker$MethodInvocationAgent.invoke(TestInvoker.java:962)
	at org.testng.internal.invokers.TestInvoker.invokeTestMethods(TestInvoker.java:194)
	at org.testng.internal.invokers.TestMethodWorker.invokeTestMethods(TestMethodWorker.java:148)
	at org.testng.internal.invokers.TestMethodWorker.run(TestMethodWorker.java:128)
	at java.base/java.util.ArrayList.forEach(ArrayList.java:1511)
	at org.testng.TestRunner.privateRun(TestRunner.java:806)
	at org.testng.TestRunner.run(TestRunner.java:601)
	at org.testng.SuiteRunner.runTest(SuiteRunner.java:433)
	at org.testng.SuiteRunner.runSequentially(SuiteRunner.java:427)
	at org.testng.SuiteRunner.privateRun(SuiteRunner.java:387)
	at org.testng.SuiteRunner.run(SuiteRunner.java:330)
	at org.testng.SuiteRunnerWorker.runSuite(SuiteRunnerWorker.java:52)
	at org.testng.SuiteRunnerWorker.run(SuiteRunnerWorker.java:95)
	at org.testng.TestNG.runSuitesSequentially(TestNG.java:1256)
	at org.testng.TestNG.runSuitesLocally(TestNG.java:1176)
	at org.testng.TestNG.runSuites(TestNG.java:1099)
	at org.testng.TestNG.run(TestNG.java:1067)
	at org.testng.remote.AbstractRemoteTestNG.run(AbstractRemoteTestNG.java:115)
	at org.testng.remote.RemoteTestNG.initAndRun(RemoteTestNG.java:251)
	at org.testng.remote.RemoteTestNG.main(RemoteTestNG.java:77)
</pre></div></td>
<td>0</td>
<td>numpyninja.Tests.QueueTest@6e2829c7</td></tr>
<tr>
<td title='numpyninja.Tests.QueueTest.queueoperations()'><b>queueoperations</b><br>Test class: numpyninja.Tests.QueueTest</td>
<td><div><pre>java.lang.NullPointerException: Cannot invoke &quot;numpyninja.Pages.QueuePage.queueoperations()&quot; because &quot;this.objqueue&quot; is null
	at numpyninja.Tests.QueueTest.queueoperations(QueueTest.java:74)
	at java.base/java.util.ArrayList.forEach(ArrayList.java:1511)
... Removed 25 stack frames</pre></div><a href='#' onClick='toggleBox("stack-trace8149696", this, "Click to show all stack frames", "Click to hide stack frames")'>Click to show all stack frames</a>
<div class='stack-trace' id='stack-trace8149696'><pre>java.lang.NullPointerException: Cannot invoke &quot;numpyninja.Pages.QueuePage.queueoperations()&quot; because &quot;this.objqueue&quot; is null
	at numpyninja.Tests.QueueTest.queueoperations(QueueTest.java:74)
	at java.base/jdk.internal.reflect.DirectMethodHandleAccessor.invoke(DirectMethodHandleAccessor.java:104)
	at java.base/java.lang.reflect.Method.invoke(Method.java:577)
	at org.testng.internal.invokers.MethodInvocationHelper.invokeMethod(MethodInvocationHelper.java:139)
	at org.testng.internal.invokers.TestInvoker.invokeMethod(TestInvoker.java:677)
	at org.testng.internal.invokers.TestInvoker.invokeTestMethod(TestInvoker.java:221)
	at org.testng.internal.invokers.MethodRunner.runInSequence(MethodRunner.java:50)
	at org.testng.internal.invokers.TestInvoker$MethodInvocationAgent.invoke(TestInvoker.java:962)
	at org.testng.internal.invokers.TestInvoker.invokeTestMethods(TestInvoker.java:194)
	at org.testng.internal.invokers.TestMethodWorker.invokeTestMethods(TestMethodWorker.java:148)
	at org.testng.internal.invokers.TestMethodWorker.run(TestMethodWorker.java:128)
	at java.base/java.util.ArrayList.forEach(ArrayList.java:1511)
	at org.testng.TestRunner.privateRun(TestRunner.java:806)
	at org.testng.TestRunner.run(TestRunner.java:601)
	at org.testng.SuiteRunner.runTest(SuiteRunner.java:433)
	at org.testng.SuiteRunner.runSequentially(SuiteRunner.java:427)
	at org.testng.SuiteRunner.privateRun(SuiteRunner.java:387)
	at org.testng.SuiteRunner.run(SuiteRunner.java:330)
	at org.testng.SuiteRunnerWorker.runSuite(SuiteRunnerWorker.java:52)
	at org.testng.SuiteRunnerWorker.run(SuiteRunnerWorker.java:95)
	at org.testng.TestNG.runSuitesSequentially(TestNG.java:1256)
	at org.testng.TestNG.runSuitesLocally(TestNG.java:1176)
	at org.testng.TestNG.runSuites(TestNG.java:1099)
	at org.testng.TestNG.run(TestNG.java:1067)
	at org.testng.remote.AbstractRemoteTestNG.run(AbstractRemoteTestNG.java:115)
	at org.testng.remote.RemoteTestNG.initAndRun(RemoteTestNG.java:251)
	at org.testng.remote.RemoteTestNG.main(RemoteTestNG.java:77)
</pre></div></td>
<td>0</td>
<td>numpyninja.Tests.QueueTest@6e2829c7</td></tr>
<tr>
<td title='numpyninja.Tests.GraphTest.graphtopic()'><b>graphtopic</b><br>Test class: numpyninja.Tests.GraphTest</td>
<td><div><pre>java.lang.NullPointerException: Cannot invoke &quot;numpyninja.Pages.GraphPage.graphtopic()&quot; because &quot;this.objGraph&quot; is null
	at numpyninja.Tests.GraphTest.graphtopic(GraphTest.java:41)
	at java.base/java.util.ArrayList.forEach(ArrayList.java:1511)
... Removed 25 stack frames</pre></div><a href='#' onClick='toggleBox("stack-trace1367783306", this, "Click to show all stack frames", "Click to hide stack frames")'>Click to show all stack frames</a>
<div class='stack-trace' id='stack-trace1367783306'><pre>java.lang.NullPointerException: Cannot invoke &quot;numpyninja.Pages.GraphPage.graphtopic()&quot; because &quot;this.objGraph&quot; is null
	at numpyninja.Tests.GraphTest.graphtopic(GraphTest.java:41)
	at java.base/jdk.internal.reflect.DirectMethodHandleAccessor.invoke(DirectMethodHandleAccessor.java:104)
	at java.base/java.lang.reflect.Method.invoke(Method.java:577)
	at org.testng.internal.invokers.MethodInvocationHelper.invokeMethod(MethodInvocationHelper.java:139)
	at org.testng.internal.invokers.TestInvoker.invokeMethod(TestInvoker.java:677)
	at org.testng.internal.invokers.TestInvoker.invokeTestMethod(TestInvoker.java:221)
	at org.testng.internal.invokers.MethodRunner.runInSequence(MethodRunner.java:50)
	at org.testng.internal.invokers.TestInvoker$MethodInvocationAgent.invoke(TestInvoker.java:962)
	at org.testng.internal.invokers.TestInvoker.invokeTestMethods(TestInvoker.java:194)
	at org.testng.internal.invokers.TestMethodWorker.invokeTestMethods(TestMethodWorker.java:148)
	at org.testng.internal.invokers.TestMethodWorker.run(TestMethodWorker.java:128)
	at java.base/java.util.ArrayList.forEach(ArrayList.java:1511)
	at org.testng.TestRunner.privateRun(TestRunner.java:806)
	at org.testng.TestRunner.run(TestRunner.java:601)
	at org.testng.SuiteRunner.runTest(SuiteRunner.java:433)
	at org.testng.SuiteRunner.runSequentially(SuiteRunner.java:427)
	at org.testng.SuiteRunner.privateRun(SuiteRunner.java:387)
	at org.testng.SuiteRunner.run(SuiteRunner.java:330)
	at org.testng.SuiteRunnerWorker.runSuite(SuiteRunnerWorker.java:52)
	at org.testng.SuiteRunnerWorker.run(SuiteRunnerWorker.java:95)
	at org.testng.TestNG.runSuitesSequentially(TestNG.java:1256)
	at org.testng.TestNG.runSuitesLocally(TestNG.java:1176)
	at org.testng.TestNG.runSuites(TestNG.java:1099)
	at org.testng.TestNG.run(TestNG.java:1067)
	at org.testng.remote.AbstractRemoteTestNG.run(AbstractRemoteTestNG.java:115)
	at org.testng.remote.RemoteTestNG.initAndRun(RemoteTestNG.java:251)
	at org.testng.remote.RemoteTestNG.main(RemoteTestNG.java:77)
</pre></div></td>
<td>0</td>
<td>numpyninja.Tests.GraphTest@6a8658ff</td></tr>
<tr>
<td title='numpyninja.Tests.QueueTest.practicequestions()'><b>practicequestions</b><br>Test class: numpyninja.Tests.QueueTest</td>
<td><div><pre>java.lang.NullPointerException: Cannot invoke &quot;numpyninja.Pages.QueuePage.queueoperations()&quot; because &quot;this.objqueue&quot; is null
	at numpyninja.Tests.QueueTest.practicequestions(QueueTest.java:82)
	at java.base/java.util.ArrayList.forEach(ArrayList.java:1511)
... Removed 25 stack frames</pre></div><a href='#' onClick='toggleBox("stack-trace1022823162", this, "Click to show all stack frames", "Click to hide stack frames")'>Click to show all stack frames</a>
<div class='stack-trace' id='stack-trace1022823162'><pre>java.lang.NullPointerException: Cannot invoke &quot;numpyninja.Pages.QueuePage.queueoperations()&quot; because &quot;this.objqueue&quot; is null
	at numpyninja.Tests.QueueTest.practicequestions(QueueTest.java:82)
	at java.base/jdk.internal.reflect.DirectMethodHandleAccessor.invoke(DirectMethodHandleAccessor.java:104)
	at java.base/java.lang.reflect.Method.invoke(Method.java:577)
	at org.testng.internal.invokers.MethodInvocationHelper.invokeMethod(MethodInvocationHelper.java:139)
	at org.testng.internal.invokers.TestInvoker.invokeMethod(TestInvoker.java:677)
	at org.testng.internal.invokers.TestInvoker.invokeTestMethod(TestInvoker.java:221)
	at org.testng.internal.invokers.MethodRunner.runInSequence(MethodRunner.java:50)
	at org.testng.internal.invokers.TestInvoker$MethodInvocationAgent.invoke(TestInvoker.java:962)
	at org.testng.internal.invokers.TestInvoker.invokeTestMethods(TestInvoker.java:194)
	at org.testng.internal.invokers.TestMethodWorker.invokeTestMethods(TestMethodWorker.java:148)
	at org.testng.internal.invokers.TestMethodWorker.run(TestMethodWorker.java:128)
	at java.base/java.util.ArrayList.forEach(ArrayList.java:1511)
	at org.testng.TestRunner.privateRun(TestRunner.java:806)
	at org.testng.TestRunner.run(TestRunner.java:601)
	at org.testng.SuiteRunner.runTest(SuiteRunner.java:433)
	at org.testng.SuiteRunner.runSequentially(SuiteRunner.java:427)
	at org.testng.SuiteRunner.privateRun(SuiteRunner.java:387)
	at org.testng.SuiteRunner.run(SuiteRunner.java:330)
	at org.testng.SuiteRunnerWorker.runSuite(SuiteRunnerWorker.java:52)
	at org.testng.SuiteRunnerWorker.run(SuiteRunnerWorker.java:95)
	at org.testng.TestNG.runSuitesSequentially(TestNG.java:1256)
	at org.testng.TestNG.runSuitesLocally(TestNG.java:1176)
	at org.testng.TestNG.runSuites(TestNG.java:1099)
	at org.testng.TestNG.run(TestNG.java:1067)
	at org.testng.remote.AbstractRemoteTestNG.run(AbstractRemoteTestNG.java:115)
	at org.testng.remote.RemoteTestNG.initAndRun(RemoteTestNG.java:251)
	at org.testng.remote.RemoteTestNG.main(RemoteTestNG.java:77)
</pre></div></td>
<td>0</td>
<td>numpyninja.Tests.QueueTest@6e2829c7</td></tr>
<tr>
<td title='numpyninja.Tests.GraphTest.practicequestions()'><b>practicequestions</b><br>Test class: numpyninja.Tests.GraphTest</td>
<td><div><pre>java.lang.NullPointerException: Cannot invoke &quot;numpyninja.Pages.GraphPage.graphRep()&quot; because &quot;this.objGraph&quot; is null
	at numpyninja.Tests.GraphTest.practicequestions(GraphTest.java:58)
	at java.base/java.util.ArrayList.forEach(ArrayList.java:1511)
... Removed 25 stack frames</pre></div><a href='#' onClick='toggleBox("stack-trace133321775", this, "Click to show all stack frames", "Click to hide stack frames")'>Click to show all stack frames</a>
<div class='stack-trace' id='stack-trace133321775'><pre>java.lang.NullPointerException: Cannot invoke &quot;numpyninja.Pages.GraphPage.graphRep()&quot; because &quot;this.objGraph&quot; is null
	at numpyninja.Tests.GraphTest.practicequestions(GraphTest.java:58)
	at java.base/jdk.internal.reflect.DirectMethodHandleAccessor.invoke(DirectMethodHandleAccessor.java:104)
	at java.base/java.lang.reflect.Method.invoke(Method.java:577)
	at org.testng.internal.invokers.MethodInvocationHelper.invokeMethod(MethodInvocationHelper.java:139)
	at org.testng.internal.invokers.TestInvoker.invokeMethod(TestInvoker.java:677)
	at org.testng.internal.invokers.TestInvoker.invokeTestMethod(TestInvoker.java:221)
	at org.testng.internal.invokers.MethodRunner.runInSequence(MethodRunner.java:50)
	at org.testng.internal.invokers.TestInvoker$MethodInvocationAgent.invoke(TestInvoker.java:962)
	at org.testng.internal.invokers.TestInvoker.invokeTestMethods(TestInvoker.java:194)
	at org.testng.internal.invokers.TestMethodWorker.invokeTestMethods(TestMethodWorker.java:148)
	at org.testng.internal.invokers.TestMethodWorker.run(TestMethodWorker.java:128)
	at java.base/java.util.ArrayList.forEach(ArrayList.java:1511)
	at org.testng.TestRunner.privateRun(TestRunner.java:806)
	at org.testng.TestRunner.run(TestRunner.java:601)
	at org.testng.SuiteRunner.runTest(SuiteRunner.java:433)
	at org.testng.SuiteRunner.runSequentially(SuiteRunner.java:427)
	at org.testng.SuiteRunner.privateRun(SuiteRunner.java:387)
	at org.testng.SuiteRunner.run(SuiteRunner.java:330)
	at org.testng.SuiteRunnerWorker.runSuite(SuiteRunnerWorker.java:52)
	at org.testng.SuiteRunnerWorker.run(SuiteRunnerWorker.java:95)
	at org.testng.TestNG.runSuitesSequentially(TestNG.java:1256)
	at org.testng.TestNG.runSuitesLocally(TestNG.java:1176)
	at org.testng.TestNG.runSuites(TestNG.java:1099)
	at org.testng.TestNG.run(TestNG.java:1067)
	at org.testng.remote.AbstractRemoteTestNG.run(AbstractRemoteTestNG.java:115)
	at org.testng.remote.RemoteTestNG.initAndRun(RemoteTestNG.java:251)
	at org.testng.remote.RemoteTestNG.main(RemoteTestNG.java:77)
</pre></div></td>
<td>0</td>
<td>numpyninja.Tests.GraphTest@6a8658ff</td></tr>
<tr>
<td title='numpyninja.Tests.QueueTest.impusingcollectionsdeque()'><b>impusingcollectionsdeque</b><br>Test class: numpyninja.Tests.QueueTest</td>
<td><div><pre>java.lang.NullPointerException: Cannot invoke &quot;numpyninja.Pages.QueuePage.impusingcollectionsdeque()&quot; because &quot;this.objqueue&quot; is null
	at numpyninja.Tests.QueueTest.impusingcollectionsdeque(QueueTest.java:58)
	at java.base/java.util.ArrayList.forEach(ArrayList.java:1511)
... Removed 25 stack frames</pre></div><a href='#' onClick='toggleBox("stack-trace709955086", this, "Click to show all stack frames", "Click to hide stack frames")'>Click to show all stack frames</a>
<div class='stack-trace' id='stack-trace709955086'><pre>java.lang.NullPointerException: Cannot invoke &quot;numpyninja.Pages.QueuePage.impusingcollectionsdeque()&quot; because &quot;this.objqueue&quot; is null
	at numpyninja.Tests.QueueTest.impusingcollectionsdeque(QueueTest.java:58)
	at java.base/jdk.internal.reflect.DirectMethodHandleAccessor.invoke(DirectMethodHandleAccessor.java:104)
	at java.base/java.lang.reflect.Method.invoke(Method.java:577)
	at org.testng.internal.invokers.MethodInvocationHelper.invokeMethod(MethodInvocationHelper.java:139)
	at org.testng.internal.invokers.TestInvoker.invokeMethod(TestInvoker.java:677)
	at org.testng.internal.invokers.TestInvoker.invokeTestMethod(TestInvoker.java:221)
	at org.testng.internal.invokers.MethodRunner.runInSequence(MethodRunner.java:50)
	at org.testng.internal.invokers.TestInvoker$MethodInvocationAgent.invoke(TestInvoker.java:962)
	at org.testng.internal.invokers.TestInvoker.invokeTestMethods(TestInvoker.java:194)
	at org.testng.internal.invokers.TestMethodWorker.invokeTestMethods(TestMethodWorker.java:148)
	at org.testng.internal.invokers.TestMethodWorker.run(TestMethodWorker.java:128)
	at java.base/java.util.ArrayList.forEach(ArrayList.java:1511)
	at org.testng.TestRunner.privateRun(TestRunner.java:806)
	at org.testng.TestRunner.run(TestRunner.java:601)
	at org.testng.SuiteRunner.runTest(SuiteRunner.java:433)
	at org.testng.SuiteRunner.runSequentially(SuiteRunner.java:427)
	at org.testng.SuiteRunner.privateRun(SuiteRunner.java:387)
	at org.testng.SuiteRunner.run(SuiteRunner.java:330)
	at org.testng.SuiteRunnerWorker.runSuite(SuiteRunnerWorker.java:52)
	at org.testng.SuiteRunnerWorker.run(SuiteRunnerWorker.java:95)
	at org.testng.TestNG.runSuitesSequentially(TestNG.java:1256)
	at org.testng.TestNG.runSuitesLocally(TestNG.java:1176)
	at org.testng.TestNG.runSuites(TestNG.java:1099)
	at org.testng.TestNG.run(TestNG.java:1067)
	at org.testng.remote.AbstractRemoteTestNG.run(AbstractRemoteTestNG.java:115)
	at org.testng.remote.RemoteTestNG.initAndRun(RemoteTestNG.java:251)
	at org.testng.remote.RemoteTestNG.main(RemoteTestNG.java:77)
</pre></div></td>
<td>0</td>
<td>numpyninja.Tests.QueueTest@6e2829c7</td></tr>
</table><p>
<table width='100%' border='1' class='invocation-passed'>
<tr><td colspan='4' align='center'><b>PASSED TESTS</b></td></tr>
<tr><td><b>Test method</b></td>
<td><b>Attribute(s)</b></td>
<td width="30%"><b>Exception</b></td>
<td width="10%"><b>Time (seconds)</b></td>
<td><b>Instance</b></td>
</tr>
<tr>
<td title='numpyninja.Tests.ArrayTest.BasicoperationsClick()'><b>BasicoperationsClick</b><br>Test class: numpyninja.Tests.ArrayTest</td>
<td></td>
<td>1</td>
<td>numpyninja.Tests.ArrayTest@15888343</td></tr>
<tr>
<td title='numpyninja.Tests.HomeTest.graphGetstarted()'><b>graphGetstarted</b><br>Test class: numpyninja.Tests.HomeTest</td>
<td></td>
<td>0</td>
<td>numpyninja.Tests.HomeTest@5e7cd6cc</td></tr>
<tr>
<td title='numpyninja.Tests.ArrayTest.PracticequestionsClick()'><b>PracticequestionsClick</b><br>Test class: numpyninja.Tests.ArrayTest</td>
<td></td>
<td>0</td>
<td>numpyninja.Tests.ArrayTest@15888343</td></tr>
<tr>
<td title='numpyninja.Tests.LinkedListTest.practiceQuestion()'><b>practiceQuestion</b><br>Test class: numpyninja.Tests.LinkedListTest</td>
<td></td>
<td>1</td>
<td>numpyninja.Tests.LinkedListTest@33ecda92</td></tr>
<tr>
<td title='numpyninja.Tests.TreeTest.getImplementationOfbinaryTreeLink()'><b>getImplementationOfbinaryTreeLink</b><br>Test class: numpyninja.Tests.TreeTest</td>
<td></td>
<td>1</td>
<td>numpyninja.Tests.TreeTest@3feb2dda</td></tr>
<tr>
<td title='numpyninja.Tests.DataStructureTest.TryHere()'><b>TryHere</b><br>Test class: numpyninja.Tests.DataStructureTest</td>
<td></td>
<td>1</td>
<td>numpyninja.Tests.DataStructureTest@2dfaea86</td></tr>
<tr>
<td title='numpyninja.Tests.TreeTest.getBinarySearchTreesLink()'><b>getBinarySearchTreesLink</b><br>Test class: numpyninja.Tests.TreeTest</td>
<td></td>
<td>1</td>
<td>numpyninja.Tests.TreeTest@3feb2dda</td></tr>
<tr>
<td title='numpyninja.Tests.TreeTest.getTraversalsIllustrationLink()'><b>getTraversalsIllustrationLink</b><br>Test class: numpyninja.Tests.TreeTest</td>
<td></td>
<td>1</td>
<td>numpyninja.Tests.TreeTest@3feb2dda</td></tr>
<tr>
<td title='numpyninja.Tests.HomeTest.SigninValidation()'><b>SigninValidation</b><br>Test class: numpyninja.Tests.HomeTest</td>
<td></td>
<td>0</td>
<td>numpyninja.Tests.HomeTest@5e7cd6cc</td></tr>
<tr>
<td title='numpyninja.Tests.DataStructureTest.TimeComplexity()'><b>TimeComplexity</b><br>Test class: numpyninja.Tests.DataStructureTest</td>
<td></td>
<td>0</td>
<td>numpyninja.Tests.DataStructureTest@2dfaea86</td></tr>
<tr>
<td title='numpyninja.Tests.TreeTest.getApplicationOfbinaryTreeLink()'><b>getApplicationOfbinaryTreeLink</b><br>Test class: numpyninja.Tests.TreeTest</td>
<td></td>
<td>1</td>
<td>numpyninja.Tests.TreeTest@3feb2dda</td></tr>
<tr>
<td title='numpyninja.Tests.TreeTest.getBinaryTreeTraversalsLink()'><b>getBinaryTreeTraversalsLink</b><br>Test class: numpyninja.Tests.TreeTest</td>
<td></td>
<td>1</td>
<td>numpyninja.Tests.TreeTest@3feb2dda</td></tr>
<tr>
<td title='numpyninja.Tests.LinkedListTest.implementLinkedList()'><b>implementLinkedList</b><br>Test class: numpyninja.Tests.LinkedListTest</td>
<td></td>
<td>1</td>
<td>numpyninja.Tests.LinkedListTest@33ecda92</td></tr>
<tr>
<td title='numpyninja.Tests.StackTest.implementation()'><b>implementation</b><br>Test class: numpyninja.Tests.StackTest</td>
<td></td>
<td>0</td>
<td>numpyninja.Tests.StackTest@14fc5f04</td></tr>
<tr>
<td title='numpyninja.Tests.HomeTest.queueGetstarted()'><b>queueGetstarted</b><br>Test class: numpyninja.Tests.HomeTest</td>
<td></td>
<td>0</td>
<td>numpyninja.Tests.HomeTest@5e7cd6cc</td></tr>
<tr>
<td title='numpyninja.Tests.ArrayTest.SearchTheArrayClick()'><b>SearchTheArrayClick</b><br>Test class: numpyninja.Tests.ArrayTest</td>
<td></td>
<td>1</td>
<td>numpyninja.Tests.ArrayTest@15888343</td></tr>
<tr>
<td title='numpyninja.Tests.LandingPageTest.goToPage()'><b>goToPage</b><br>Test class: numpyninja.Tests.LandingPageTest</td>
<td></td>
<td>4</td>
<td>numpyninja.Tests.LandingPageTest@6b695b06</td></tr>
<tr>
<td title='numpyninja.Tests.TreeTest.getOverviewOfTreesLink()'><b>getOverviewOfTreesLink</b><br>Test class: numpyninja.Tests.TreeTest</td>
<td></td>
<td>2</td>
<td>numpyninja.Tests.TreeTest@3feb2dda</td></tr>
<tr>
<td title='numpyninja.Tests.HomeTest.stackGetstarted()'><b>stackGetstarted</b><br>Test class: numpyninja.Tests.HomeTest</td>
<td></td>
<td>0</td>
<td>numpyninja.Tests.HomeTest@5e7cd6cc</td></tr>
<tr>
<td title='numpyninja.Tests.ArrayTest.MaxConsecutiveOnesClick()'><b>MaxConsecutiveOnesClick</b><br>Test class: numpyninja.Tests.ArrayTest</td>
<td></td>
<td>0</td>
<td>numpyninja.Tests.ArrayTest@15888343</td></tr>
<tr>
<td title='numpyninja.Tests.StackTest.OperationInStack()'><b>OperationInStack</b><br>Test class: numpyninja.Tests.StackTest</td>
<td></td>
<td>2</td>
<td>numpyninja.Tests.StackTest@14fc5f04</td></tr>
<tr>
<td title='numpyninja.Tests.HomeTest.linkedListgetstarted()'><b>linkedListgetstarted</b><br>Test class: numpyninja.Tests.HomeTest</td>
<td></td>
<td>0</td>
<td>numpyninja.Tests.HomeTest@5e7cd6cc</td></tr>
<tr>
<td title='numpyninja.Tests.TreeTest.getTypesOfTreesLink()'><b>getTypesOfTreesLink</b><br>Test class: numpyninja.Tests.TreeTest</td>
<td></td>
<td>0</td>
<td>numpyninja.Tests.TreeTest@3feb2dda</td></tr>
<tr>
<td title='numpyninja.Tests.ArrayTest.ArraysInPythonClick()'><b>ArraysInPythonClick</b><br>Test class: numpyninja.Tests.ArrayTest</td>
<td></td>
<td>2</td>
<td>numpyninja.Tests.ArrayTest@15888343</td></tr>
<tr>
<td title='numpyninja.Tests.ArrayTest.SquaresTabClick()'><b>SquaresTabClick</b><br>Test class: numpyninja.Tests.ArrayTest</td>
<td></td>
<td>0</td>
<td>numpyninja.Tests.ArrayTest@15888343</td></tr>
<tr>
<td title='numpyninja.Tests.TreeTest.getBinaryTreesLink()'><b>getBinaryTreesLink</b><br>Test class: numpyninja.Tests.TreeTest</td>
<td></td>
<td>1</td>
<td>numpyninja.Tests.TreeTest@3feb2dda</td></tr>
<tr>
<td title='numpyninja.Tests.TreeTest.getTypesOfBinaryTreesLink()'><b>getTypesOfBinaryTreesLink</b><br>Test class: numpyninja.Tests.TreeTest</td>
<td></td>
<td>1</td>
<td>numpyninja.Tests.TreeTest@3feb2dda</td></tr>
<tr>
<td title='numpyninja.Tests.SignInTest.dslogin()'><b>dslogin</b><br>Test class: numpyninja.Tests.SignInTest</td>
<td></td>
<td>3</td>
<td>numpyninja.Tests.SignInTest@d554c5f</td></tr>
<tr>
<td title='numpyninja.Tests.ArrayTest.ArraysusinglistClick()'><b>ArraysusinglistClick</b><br>Test class: numpyninja.Tests.ArrayTest</td>
<td></td>
<td>1</td>
<td>numpyninja.Tests.ArrayTest@15888343</td></tr>
<tr>
<td title='numpyninja.Tests.HomeTest.treeGetstarted()'><b>treeGetstarted</b><br>Test class: numpyninja.Tests.HomeTest</td>
<td></td>
<td>0</td>
<td>numpyninja.Tests.HomeTest@5e7cd6cc</td></tr>
<tr>
<td title='numpyninja.Tests.TreeTest.getTerminologiesLink()'><b>getTerminologiesLink</b><br>Test class: numpyninja.Tests.TreeTest</td>
<td></td>
<td>0</td>
<td>numpyninja.Tests.TreeTest@3feb2dda</td></tr>
<tr>
<td title='numpyninja.Tests.LinkedListTest.creatingLinkedList()'><b>creatingLinkedList</b><br>Test class: numpyninja.Tests.LinkedListTest</td>
<td></td>
<td>0</td>
<td>numpyninja.Tests.LinkedListTest@33ecda92</td></tr>
<tr>
<td title='numpyninja.Tests.StackTest.practiceQuestion1()'><b>practiceQuestion1</b><br>Test class: numpyninja.Tests.StackTest</td>
<td></td>
<td>0</td>
<td>numpyninja.Tests.StackTest@14fc5f04</td></tr>
<tr>
<td title='numpyninja.Tests.LinkedListTest.deletion()'><b>deletion</b><br>Test class: numpyninja.Tests.LinkedListTest</td>
<td></td>
<td>1</td>
<td>numpyninja.Tests.LinkedListTest@33ecda92</td></tr>
<tr>
<td title='numpyninja.Tests.TreeTest.getImplementationOfBSTLink()'><b>getImplementationOfBSTLink</b><br>Test class: numpyninja.Tests.TreeTest</td>
<td></td>
<td>1</td>
<td>numpyninja.Tests.TreeTest@3feb2dda</td></tr>
<tr>
<td title='numpyninja.Tests.LinkedListTest.introLinkedlist()'><b>introLinkedlist</b><br>Test class: numpyninja.Tests.LinkedListTest</td>
<td></td>
<td>1</td>
<td>numpyninja.Tests.LinkedListTest@33ecda92</td></tr>
<tr>
<td title='numpyninja.Tests.StackTest.applications()'><b>applications</b><br>Test class: numpyninja.Tests.StackTest</td>
<td></td>
<td>0</td>
<td>numpyninja.Tests.StackTest@14fc5f04</td></tr>
<tr>
<td title='numpyninja.Tests.DataStructureTest.PracticeQuestion()'><b>PracticeQuestion</b><br>Test class: numpyninja.Tests.DataStructureTest</td>
<td></td>
<td>0</td>
<td>numpyninja.Tests.DataStructureTest@2dfaea86</td></tr>
<tr>
<td title='numpyninja.Tests.HomeTest.dropdownclick()'><b>dropdownclick</b><br>Test class: numpyninja.Tests.HomeTest</td>
<td></td>
<td>0</td>
<td>numpyninja.Tests.HomeTest@5e7cd6cc</td></tr>
<tr>
<td title='numpyninja.Tests.LinkedListTest.traversal()'><b>traversal</b><br>Test class: numpyninja.Tests.LinkedListTest</td>
<td></td>
<td>1</td>
<td>numpyninja.Tests.LinkedListTest@33ecda92</td></tr>
<tr>
<td title='numpyninja.Tests.HomeTest.RegisterValidation()'><b>RegisterValidation</b><br>Test class: numpyninja.Tests.HomeTest</td>
<td></td>
<td>0</td>
<td>numpyninja.Tests.HomeTest@5e7cd6cc</td></tr>
<tr>
<td title='numpyninja.Tests.ArrayTest.FindNumbersClick()'><b>FindNumbersClick</b><br>Test class: numpyninja.Tests.ArrayTest</td>
<td></td>
<td>0</td>
<td>numpyninja.Tests.ArrayTest@15888343</td></tr>
<tr>
<td title='numpyninja.Tests.TreeTest.getTreeTraversalsLink()'><b>getTreeTraversalsLink</b><br>Test class: numpyninja.Tests.TreeTest</td>
<td></td>
<td>1</td>
<td>numpyninja.Tests.TreeTest@3feb2dda</td></tr>
<tr>
<td title='numpyninja.Tests.ArrayTest.ApplicationofarraysClick()'><b>ApplicationofarraysClick</b><br>Test class: numpyninja.Tests.ArrayTest</td>
<td></td>
<td>0</td>
<td>numpyninja.Tests.ArrayTest@15888343</td></tr>
<tr>
<td title='numpyninja.Tests.HomeTest.Arraygetstarted()'><b>Arraygetstarted</b><br>Test class: numpyninja.Tests.HomeTest</td>
<td></td>
<td>0</td>
<td>numpyninja.Tests.HomeTest@5e7cd6cc</td></tr>
<tr>
<td title='numpyninja.Tests.LinkedListTest.typeOfLinkedList()'><b>typeOfLinkedList</b><br>Test class: numpyninja.Tests.LinkedListTest</td>
<td></td>
<td>0</td>
<td>numpyninja.Tests.LinkedListTest@33ecda92</td></tr>
<tr>
<td title='numpyninja.Tests.DataStructureTest.TryEditor()'><b>TryEditor</b><br>Test class: numpyninja.Tests.DataStructureTest</td>
<td></td>
<td>0</td>
<td>numpyninja.Tests.DataStructureTest@2dfaea86</td></tr>
<tr>
<td title='numpyninja.Tests.TreeTest.getImplementaionInPythonLink()'><b>getImplementaionInPythonLink</b><br>Test class: numpyninja.Tests.TreeTest</td>
<td></td>
<td>0</td>
<td>numpyninja.Tests.TreeTest@3feb2dda</td></tr>
</table><p>
<table width='100%' border='1' class='invocation-skipped'>
<tr><td colspan='4' align='center'><b>SKIPPED TESTS</b></td></tr>
<tr><td><b>Test method</b></td>
<td><b>Attribute(s)</b></td>
<td width="30%"><b>Exception</b></td>
<td width="10%"><b>Time (seconds)</b></td>
<td><b>Instance</b></td>
</tr>
<tr>
<td title='numpyninja.Tests.ResisterTest.EmptyPasswordTest()'><b>EmptyPasswordTest</b><br>Test class: numpyninja.Tests.ResisterTest</td>
<td><div><pre>java.lang.NullPointerException: Cannot invoke &quot;numpyninja.Pages.HomePage.registervalidation()&quot; because &quot;this.home&quot; is null
	at numpyninja.Tests.ResisterTest.setUp(ResisterTest.java:27)
	at java.base/java.util.ArrayList.forEach(ArrayList.java:1511)
... Removed 23 stack frames</pre></div><a href='#' onClick='toggleBox("stack-trace2063581529", this, "Click to show all stack frames", "Click to hide stack frames")'>Click to show all stack frames</a>
<div class='stack-trace' id='stack-trace2063581529'><pre>java.lang.NullPointerException: Cannot invoke &quot;numpyninja.Pages.HomePage.registervalidation()&quot; because &quot;this.home&quot; is null
	at numpyninja.Tests.ResisterTest.setUp(ResisterTest.java:27)
	at java.base/jdk.internal.reflect.DirectMethodHandleAccessor.invoke(DirectMethodHandleAccessor.java:104)
	at java.base/java.lang.reflect.Method.invoke(Method.java:577)
	at org.testng.internal.invokers.MethodInvocationHelper.invokeMethod(MethodInvocationHelper.java:139)
	at org.testng.internal.invokers.MethodInvocationHelper.invokeMethodConsideringTimeout(MethodInvocationHelper.java:69)
	at org.testng.internal.invokers.ConfigInvoker.invokeConfigurationMethod(ConfigInvoker.java:361)
	at org.testng.internal.invokers.ConfigInvoker.invokeConfigurations(ConfigInvoker.java:296)
	at org.testng.internal.invokers.TestMethodWorker.invokeBeforeClassMethods(TestMethodWorker.java:180)
	at org.testng.internal.invokers.TestMethodWorker.run(TestMethodWorker.java:122)
	at java.base/java.util.ArrayList.forEach(ArrayList.java:1511)
	at org.testng.TestRunner.privateRun(TestRunner.java:806)
	at org.testng.TestRunner.run(TestRunner.java:601)
	at org.testng.SuiteRunner.runTest(SuiteRunner.java:433)
	at org.testng.SuiteRunner.runSequentially(SuiteRunner.java:427)
	at org.testng.SuiteRunner.privateRun(SuiteRunner.java:387)
	at org.testng.SuiteRunner.run(SuiteRunner.java:330)
	at org.testng.SuiteRunnerWorker.runSuite(SuiteRunnerWorker.java:52)
	at org.testng.SuiteRunnerWorker.run(SuiteRunnerWorker.java:95)
	at org.testng.TestNG.runSuitesSequentially(TestNG.java:1256)
	at org.testng.TestNG.runSuitesLocally(TestNG.java:1176)
	at org.testng.TestNG.runSuites(TestNG.java:1099)
	at org.testng.TestNG.run(TestNG.java:1067)
	at org.testng.remote.AbstractRemoteTestNG.run(AbstractRemoteTestNG.java:115)
	at org.testng.remote.RemoteTestNG.initAndRun(RemoteTestNG.java:251)
	at org.testng.remote.RemoteTestNG.main(RemoteTestNG.java:77)
</pre></div></td>
<td>0</td>
<td>numpyninja.Tests.ResisterTest@68c9d179</td></tr>
<tr>
<td title='numpyninja.Tests.ResisterTest.RegisterWithEmptyField()'><b>RegisterWithEmptyField</b><br>Test class: numpyninja.Tests.ResisterTest</td>
<td><div><pre>java.lang.NullPointerException: Cannot invoke &quot;numpyninja.Pages.HomePage.registervalidation()&quot; because &quot;this.home&quot; is null
	at numpyninja.Tests.ResisterTest.setUp(ResisterTest.java:27)
	at java.base/java.util.ArrayList.forEach(ArrayList.java:1511)
... Removed 23 stack frames</pre></div><a href='#' onClick='toggleBox("stack-trace564766469", this, "Click to show all stack frames", "Click to hide stack frames")'>Click to show all stack frames</a>
<div class='stack-trace' id='stack-trace564766469'><pre>java.lang.NullPointerException: Cannot invoke &quot;numpyninja.Pages.HomePage.registervalidation()&quot; because &quot;this.home&quot; is null
	at numpyninja.Tests.ResisterTest.setUp(ResisterTest.java:27)
	at java.base/jdk.internal.reflect.DirectMethodHandleAccessor.invoke(DirectMethodHandleAccessor.java:104)
	at java.base/java.lang.reflect.Method.invoke(Method.java:577)
	at org.testng.internal.invokers.MethodInvocationHelper.invokeMethod(MethodInvocationHelper.java:139)
	at org.testng.internal.invokers.MethodInvocationHelper.invokeMethodConsideringTimeout(MethodInvocationHelper.java:69)
	at org.testng.internal.invokers.ConfigInvoker.invokeConfigurationMethod(ConfigInvoker.java:361)
	at org.testng.internal.invokers.ConfigInvoker.invokeConfigurations(ConfigInvoker.java:296)
	at org.testng.internal.invokers.TestMethodWorker.invokeBeforeClassMethods(TestMethodWorker.java:180)
	at org.testng.internal.invokers.TestMethodWorker.run(TestMethodWorker.java:122)
	at java.base/java.util.ArrayList.forEach(ArrayList.java:1511)
	at org.testng.TestRunner.privateRun(TestRunner.java:806)
	at org.testng.TestRunner.run(TestRunner.java:601)
	at org.testng.SuiteRunner.runTest(SuiteRunner.java:433)
	at org.testng.SuiteRunner.runSequentially(SuiteRunner.java:427)
	at org.testng.SuiteRunner.privateRun(SuiteRunner.java:387)
	at org.testng.SuiteRunner.run(SuiteRunner.java:330)
	at org.testng.SuiteRunnerWorker.runSuite(SuiteRunnerWorker.java:52)
	at org.testng.SuiteRunnerWorker.run(SuiteRunnerWorker.java:95)
	at org.testng.TestNG.runSuitesSequentially(TestNG.java:1256)
	at org.testng.TestNG.runSuitesLocally(TestNG.java:1176)
	at org.testng.TestNG.runSuites(TestNG.java:1099)
	at org.testng.TestNG.run(TestNG.java:1067)
	at org.testng.remote.AbstractRemoteTestNG.run(AbstractRemoteTestNG.java:115)
	at org.testng.remote.RemoteTestNG.initAndRun(RemoteTestNG.java:251)
	at org.testng.remote.RemoteTestNG.main(RemoteTestNG.java:77)
</pre></div></td>
<td>0</td>
<td>numpyninja.Tests.ResisterTest@68c9d179</td></tr>
<tr>
<td title='numpyninja.Tests.ResisterTest.EmptyConfirmPassword()'><b>EmptyConfirmPassword</b><br>Test class: numpyninja.Tests.ResisterTest</td>
<td><div><pre>java.lang.NullPointerException: Cannot invoke &quot;numpyninja.Pages.HomePage.registervalidation()&quot; because &quot;this.home&quot; is null
	at numpyninja.Tests.ResisterTest.setUp(ResisterTest.java:27)
	at java.base/java.util.ArrayList.forEach(ArrayList.java:1511)
... Removed 23 stack frames</pre></div><a href='#' onClick='toggleBox("stack-trace377667724", this, "Click to show all stack frames", "Click to hide stack frames")'>Click to show all stack frames</a>
<div class='stack-trace' id='stack-trace377667724'><pre>java.lang.NullPointerException: Cannot invoke &quot;numpyninja.Pages.HomePage.registervalidation()&quot; because &quot;this.home&quot; is null
	at numpyninja.Tests.ResisterTest.setUp(ResisterTest.java:27)
	at java.base/jdk.internal.reflect.DirectMethodHandleAccessor.invoke(DirectMethodHandleAccessor.java:104)
	at java.base/java.lang.reflect.Method.invoke(Method.java:577)
	at org.testng.internal.invokers.MethodInvocationHelper.invokeMethod(MethodInvocationHelper.java:139)
	at org.testng.internal.invokers.MethodInvocationHelper.invokeMethodConsideringTimeout(MethodInvocationHelper.java:69)
	at org.testng.internal.invokers.ConfigInvoker.invokeConfigurationMethod(ConfigInvoker.java:361)
	at org.testng.internal.invokers.ConfigInvoker.invokeConfigurations(ConfigInvoker.java:296)
	at org.testng.internal.invokers.TestMethodWorker.invokeBeforeClassMethods(TestMethodWorker.java:180)
	at org.testng.internal.invokers.TestMethodWorker.run(TestMethodWorker.java:122)
	at java.base/java.util.ArrayList.forEach(ArrayList.java:1511)
	at org.testng.TestRunner.privateRun(TestRunner.java:806)
	at org.testng.TestRunner.run(TestRunner.java:601)
	at org.testng.SuiteRunner.runTest(SuiteRunner.java:433)
	at org.testng.SuiteRunner.runSequentially(SuiteRunner.java:427)
	at org.testng.SuiteRunner.privateRun(SuiteRunner.java:387)
	at org.testng.SuiteRunner.run(SuiteRunner.java:330)
	at org.testng.SuiteRunnerWorker.runSuite(SuiteRunnerWorker.java:52)
	at org.testng.SuiteRunnerWorker.run(SuiteRunnerWorker.java:95)
	at org.testng.TestNG.runSuitesSequentially(TestNG.java:1256)
	at org.testng.TestNG.runSuitesLocally(TestNG.java:1176)
	at org.testng.TestNG.runSuites(TestNG.java:1099)
	at org.testng.TestNG.run(TestNG.java:1067)
	at org.testng.remote.AbstractRemoteTestNG.run(AbstractRemoteTestNG.java:115)
	at org.testng.remote.RemoteTestNG.initAndRun(RemoteTestNG.java:251)
	at org.testng.remote.RemoteTestNG.main(RemoteTestNG.java:77)
</pre></div></td>
<td>0</td>
<td>numpyninja.Tests.ResisterTest@68c9d179</td></tr>
<tr>
<td title='numpyninja.Tests.ResisterTest.DiffPassword()'><b>DiffPassword</b><br>Test class: numpyninja.Tests.ResisterTest</td>
<td><div><pre>java.lang.NullPointerException: Cannot invoke &quot;numpyninja.Pages.HomePage.registervalidation()&quot; because &quot;this.home&quot; is null
	at numpyninja.Tests.ResisterTest.setUp(ResisterTest.java:27)
	at java.base/java.util.ArrayList.forEach(ArrayList.java:1511)
... Removed 23 stack frames</pre></div><a href='#' onClick='toggleBox("stack-trace1070619454", this, "Click to show all stack frames", "Click to hide stack frames")'>Click to show all stack frames</a>
<div class='stack-trace' id='stack-trace1070619454'><pre>java.lang.NullPointerException: Cannot invoke &quot;numpyninja.Pages.HomePage.registervalidation()&quot; because &quot;this.home&quot; is null
	at numpyninja.Tests.ResisterTest.setUp(ResisterTest.java:27)
	at java.base/jdk.internal.reflect.DirectMethodHandleAccessor.invoke(DirectMethodHandleAccessor.java:104)
	at java.base/java.lang.reflect.Method.invoke(Method.java:577)
	at org.testng.internal.invokers.MethodInvocationHelper.invokeMethod(MethodInvocationHelper.java:139)
	at org.testng.internal.invokers.MethodInvocationHelper.invokeMethodConsideringTimeout(MethodInvocationHelper.java:69)
	at org.testng.internal.invokers.ConfigInvoker.invokeConfigurationMethod(ConfigInvoker.java:361)
	at org.testng.internal.invokers.ConfigInvoker.invokeConfigurations(ConfigInvoker.java:296)
	at org.testng.internal.invokers.TestMethodWorker.invokeBeforeClassMethods(TestMethodWorker.java:180)
	at org.testng.internal.invokers.TestMethodWorker.run(TestMethodWorker.java:122)
	at java.base/java.util.ArrayList.forEach(ArrayList.java:1511)
	at org.testng.TestRunner.privateRun(TestRunner.java:806)
	at org.testng.TestRunner.run(TestRunner.java:601)
	at org.testng.SuiteRunner.runTest(SuiteRunner.java:433)
	at org.testng.SuiteRunner.runSequentially(SuiteRunner.java:427)
	at org.testng.SuiteRunner.privateRun(SuiteRunner.java:387)
	at org.testng.SuiteRunner.run(SuiteRunner.java:330)
	at org.testng.SuiteRunnerWorker.runSuite(SuiteRunnerWorker.java:52)
	at org.testng.SuiteRunnerWorker.run(SuiteRunnerWorker.java:95)
	at org.testng.TestNG.runSuitesSequentially(TestNG.java:1256)
	at org.testng.TestNG.runSuitesLocally(TestNG.java:1176)
	at org.testng.TestNG.runSuites(TestNG.java:1099)
	at org.testng.TestNG.run(TestNG.java:1067)
	at org.testng.remote.AbstractRemoteTestNG.run(AbstractRemoteTestNG.java:115)
	at org.testng.remote.RemoteTestNG.initAndRun(RemoteTestNG.java:251)
	at org.testng.remote.RemoteTestNG.main(RemoteTestNG.java:77)
</pre></div></td>
<td>0</td>
<td>numpyninja.Tests.ResisterTest@68c9d179</td></tr>
</table><p>
</body>
</html>